<?xml version="1.0" encoding="UTF-8"?>
<TestRun id="aa3c670b-b472-4d89-91b7-e774a3343bb4" name="PaulCain@PAULCAIN-LAPTOP 2011-04-04 00:47:56" runUser="PaulCain-LAPTOP\PaulCain" xmlns="http://microsoft.com/schemas/VisualStudio/TeamTest/2006">
  <TestRunConfiguration name="Local Test Run" id="eee8f7b1-74d7-4c3b-b079-322de6842498">
    <Description>This is a default test run configuration for a local test run.</Description>
    <Deployment runDeploymentRoot="C:\Users\PaulCain\Documents\Visual Studio 2008\Projects\BuddhistScriptConverter\TestResults\PaulCain_PAULCAIN-LAPTOP 2011-04-04 00_47_56">
      <DeploymentItem filename="C:\Users\PaulCain\Documents\Visual Studio 2008\Projects\BuddhistScriptConverter\BuddhistScriptConverter\bin\Debug\BuddhistScriptConverter.dll" />
      <DeploymentItem filename="C:\Users\PaulCain\Documents\Visual Studio 2008\Projects\BuddhistScriptConverter\MyInstaller\bin\Debug\MyInstaller.dll" />
    </Deployment>
    <TestTypeSpecific />
  </TestRunConfiguration>
  <ResultSummary outcome="Error">
    <Counters total="1" executed="1" error="0" failed="0" timeout="0" aborted="1" inconclusive="0" passedButRunAborted="0" notRunnable="0" notExecuted="0" disconnected="0" warning="0" passed="0" completed="0" inProgress="0" pending="0" />
    <RunInfos>
      <RunInfo computerName="PAULCAIN-LAPTOP" outcome="Error" timestamp="2011-04-04T00:50:08.1722433+05:30">
        <Text>Test host process exited unexpectedly.</Text>
      </RunInfo>
    </RunInfos>
  </ResultSummary>
  <Times creation="2011-04-04T00:47:56.7462870+05:30" queuing="2011-04-04T00:48:02.3545581+05:30" start="2011-04-04T00:48:02.7515808+05:30" finish="2011-04-04T00:50:08.1792437+05:30" />
  <TestDefinitions>
    <UnitTest name="UnIinstallFont_InsufficientRegistryPermission_RollsbackFileCopy" storage="c:\users\paulcain\documents\visual studio 2008\projects\buddhistscriptconverter\testproject1\bin\debug\testproject1.dll" id="01e2942c-0264-6d27-5515-970b2ac5103c">
      <Css projectStructure="" iteration="" />
      <Description>Confirm that registry updates without administrator permission throw System.Security.SecurityException</Description>
      <Owners>
        <Owner name="UninstallFont()" />
      </Owners>
      <TestMethod codeBase="C:\Users\PaulCain\Documents\Visual Studio 2008\Projects\BuddhistScriptConverter\TestProject1\bin\Debug\TestProject1.dll" adapterTypeName="Microsoft.VisualStudio.TestTools.TestTypes.Unit.UnitTestAdapter, Microsoft.VisualStudio.QualityTools.Tips.UnitTest.Adapter, Version=9.0.0.0, Culture=neutral, PublicKeyToken=b03f5f7f11d50a3a" className="TestProject1.MyFontInstallerTest, TestProject1" name="UnIinstallFont_InsufficientRegistryPermission_RollsbackFileCopy" />
    </UnitTest>
  </TestDefinitions>
  <TestLists>
    <TestList name="Results Not in a List" id="8c84fa94-04c1-424b-9868-57a2d4851a1d" />
    <TestList name="All Loaded Results" id="19431567-8539-422a-85d7-44ee4e166bda" />
  </TestLists>
  <TestEntries>
    <TestEntry testId="01e2942c-0264-6d27-5515-970b2ac5103c" executionId="02ce498d-96be-4813-8d10-237a38058797" testListId="8c84fa94-04c1-424b-9868-57a2d4851a1d" />
  </TestEntries>
  <Results>
    <UnitTestResult executionId="02ce498d-96be-4813-8d10-237a38058797" testId="01e2942c-0264-6d27-5515-970b2ac5103c" testName="UnIinstallFont_InsufficientRegistryPermission_RollsbackFileCopy" computerName="PAULCAIN-LAPTOP" duration="00:02:05.1336461" startTime="2011-04-04T00:48:03.0455976+05:30" endTime="2011-04-04T00:50:08.1792437+05:30" testType="13cdc9d9-ddb5-4fa4-a97d-d965ccfc6d4b" outcome="Aborted" testListId="8c84fa94-04c1-424b-9868-57a2d4851a1d">
    </UnitTestResult>
  </Results>
</TestRun>