<?xml version="1.0" encoding="UTF-8"?>
<TestRun id="ab5fd53c-4e10-454e-af4d-04801d1b8364" name="PaulCain@PAULCAIN-LAPTOP 2011-04-03 18:43:19" runUser="PaulCain-LAPTOP\PaulCain" xmlns="http://microsoft.com/schemas/VisualStudio/TeamTest/2006">
  <TestRunConfiguration name="Local Test Run" id="eee8f7b1-74d7-4c3b-b079-322de6842498">
    <Description>This is a default test run configuration for a local test run.</Description>
    <Deployment runDeploymentRoot="C:\Users\PaulCain\Documents\Visual Studio 2008\Projects\BuddhistScriptConverter\TestResults\PaulCain_PAULCAIN-LAPTOP 2011-04-03 18_43_19">
      <DeploymentItem filename="C:\Users\PaulCain\Documents\Visual Studio 2008\Projects\BuddhistScriptConverter\BuddhistScriptConverter\bin\Debug\BuddhistScriptConverter.dll" />
      <DeploymentItem filename="C:\Users\PaulCain\Documents\Visual Studio 2008\Projects\BuddhistScriptConverter\MyInstaller\bin\Debug\MyInstaller.dll" />
    </Deployment>
    <TestTypeSpecific />
  </TestRunConfiguration>
  <ResultSummary outcome="Completed">
    <Counters total="1" executed="1" passed="1" error="0" failed="0" timeout="0" aborted="0" inconclusive="0" passedButRunAborted="0" notRunnable="0" notExecuted="0" disconnected="0" warning="0" completed="0" inProgress="0" pending="0" />
  </ResultSummary>
  <Times creation="2011-04-03T18:43:19.4706821+05:30" queuing="2011-04-03T18:43:20.4087318+05:30" start="2011-04-03T18:43:20.4487319+05:30" finish="2011-04-03T18:43:21.2187664+05:30" />
  <TestDefinitions>
    <UnitTest name="InstallFont_NullFontName_ThrowsException" storage="c:\users\paulcain\documents\visual studio 2008\projects\buddhistscriptconverter\testproject1\bin\debug\testproject1.dll" id="2e1480c7-1c1c-2b37-8cde-75f76a58f9e5">
      <Css projectStructure="" iteration="" />
      <Description>Confirm that empty string font names throw an ArgumentException</Description>
      <Owners>
        <Owner name="InstallFont()" />
      </Owners>
      <Execution id="cea0589d-052f-4b0d-9abd-780c72845ba8" />
      <TestMethod codeBase="C:\Users\PaulCain\Documents\Visual Studio 2008\Projects\BuddhistScriptConverter\TestProject1\bin\Debug\TestProject1.dll" adapterTypeName="Microsoft.VisualStudio.TestTools.TestTypes.Unit.UnitTestAdapter, Microsoft.VisualStudio.QualityTools.Tips.UnitTest.Adapter, Version=9.0.0.0, Culture=neutral, PublicKeyToken=b03f5f7f11d50a3a" className="TestProject1.MyFontInstallerTest, TestProject1" name="InstallFont_NullFontName_ThrowsException" />
    </UnitTest>
  </TestDefinitions>
  <TestLists>
    <TestList name="Results Not in a List" id="8c84fa94-04c1-424b-9868-57a2d4851a1d" />
    <TestList name="All Loaded Results" id="19431567-8539-422a-85d7-44ee4e166bda" />
  </TestLists>
  <TestEntries>
    <TestEntry testId="2e1480c7-1c1c-2b37-8cde-75f76a58f9e5" executionId="cea0589d-052f-4b0d-9abd-780c72845ba8" testListId="8c84fa94-04c1-424b-9868-57a2d4851a1d" />
  </TestEntries>
  <Results>
    <UnitTestResult executionId="cea0589d-052f-4b0d-9abd-780c72845ba8" testId="2e1480c7-1c1c-2b37-8cde-75f76a58f9e5" testName="InstallFont_NullFontName_ThrowsException" computerName="PAULCAIN-LAPTOP" duration="00:00:00.0299795" startTime="2011-04-03T18:43:20.4687319+05:30" endTime="2011-04-03T18:43:21.1667635+05:30" testType="13cdc9d9-ddb5-4fa4-a97d-d965ccfc6d4b" outcome="Passed" testListId="8c84fa94-04c1-424b-9868-57a2d4851a1d">
      <Output>
      </Output>
    </UnitTestResult>
  </Results>
</TestRun>