<?xml version="1.0" encoding="UTF-8"?>
<TestRun id="786a5865-7af8-44c9-98ed-8e8796a627fd" name="PaulCain@PAULCAIN-LAPTOP 2011-04-02 22:12:47" runUser="PaulCain-LAPTOP\PaulCain" xmlns="http://microsoft.com/schemas/VisualStudio/TeamTest/2006">
  <TestRunConfiguration name="Local Test Run" id="eee8f7b1-74d7-4c3b-b079-322de6842498">
    <Description>This is a default test run configuration for a local test run.</Description>
    <Deployment runDeploymentRoot="C:\Users\PaulCain\Documents\Visual Studio 2008\Projects\BuddhistScriptConverter\TestResults\PaulCain_PAULCAIN-LAPTOP 2011-04-02 22_12_47">
      <DeploymentItem filename="C:\Users\PaulCain\Documents\Visual Studio 2008\Projects\BuddhistScriptConverter\BuddhistScriptConverter\bin\Debug\BuddhistScriptConverter.dll" />
      <DeploymentItem filename="C:\Users\PaulCain\Documents\Visual Studio 2008\Projects\BuddhistScriptConverter\MyInstaller\bin\Debug\MyInstaller.dll" />
    </Deployment>
    <TestTypeSpecific />
  </TestRunConfiguration>
  <ResultSummary outcome="Failed">
    <Counters total="1" executed="1" error="0" failed="1" timeout="0" aborted="0" inconclusive="0" passedButRunAborted="0" notRunnable="0" notExecuted="0" disconnected="0" warning="0" passed="0" completed="0" inProgress="0" pending="0" />
  </ResultSummary>
  <Times creation="2011-04-02T22:12:47.0712352+05:30" queuing="2011-04-02T22:12:48.0422907+05:30" start="2011-04-02T22:12:48.0732925+05:30" finish="2011-04-02T22:12:48.9433423+05:30" />
  <TestDefinitions>
    <UnitTest name="IsFontInstalled_FontsThatExist_ReturnTrue" storage="c:\users\paulcain\documents\visual studio 2008\projects\buddhistscriptconverter\testproject1\bin\debug\testproject1.dll" id="9ddfb8d0-c5ee-e722-4600-ae0c2d9c4896">
      <Css projectStructure="" iteration="" />
      <Description>Confirm some system fonts are correctly reported as installed</Description>
      <Owners>
        <Owner name="" />
      </Owners>
      <Execution id="a81b66d9-b94a-4d4e-87ac-e4649ff0ef69" />
      <TestMethod codeBase="C:\Users\PaulCain\Documents\Visual Studio 2008\Projects\BuddhistScriptConverter\TestProject1\bin\Debug\TestProject1.dll" adapterTypeName="Microsoft.VisualStudio.TestTools.TestTypes.Unit.UnitTestAdapter, Microsoft.VisualStudio.QualityTools.Tips.UnitTest.Adapter, Version=9.0.0.0, Culture=neutral, PublicKeyToken=b03f5f7f11d50a3a" className="TestProject1.InstalledFontCheckerTest, TestProject1" name="IsFontInstalled_FontsThatExist_ReturnTrue" />
    </UnitTest>
  </TestDefinitions>
  <TestLists>
    <TestList name="Results Not in a List" id="8c84fa94-04c1-424b-9868-57a2d4851a1d" />
    <TestList name="All Loaded Results" id="19431567-8539-422a-85d7-44ee4e166bda" />
  </TestLists>
  <TestEntries>
    <TestEntry testId="9ddfb8d0-c5ee-e722-4600-ae0c2d9c4896" executionId="a81b66d9-b94a-4d4e-87ac-e4649ff0ef69" testListId="8c84fa94-04c1-424b-9868-57a2d4851a1d" />
  </TestEntries>
  <Results>
    <UnitTestResult executionId="a81b66d9-b94a-4d4e-87ac-e4649ff0ef69" testId="9ddfb8d0-c5ee-e722-4600-ae0c2d9c4896" testName="IsFontInstalled_FontsThatExist_ReturnTrue" computerName="PAULCAIN-LAPTOP" duration="00:00:00.0347857" startTime="2011-04-02T22:12:48.0772927+05:30" endTime="2011-04-02T22:12:48.8743383+05:30" testType="13cdc9d9-ddb5-4fa4-a97d-d965ccfc6d4b" outcome="Failed" testListId="8c84fa94-04c1-424b-9868-57a2d4851a1d">
      <Output>
        <ErrorInfo>
          <Message>Assert.AreEqual failed. Expected:&lt;True&gt;. Actual:&lt;False&gt;. </Message>
          <StackTrace>   at TestProject1.InstalledFontCheckerTest.IsFontInstalled_FontsThatExist_ReturnTrue() in C:\Users\PaulCain\Documents\Visual Studio 2008\Projects\BuddhistScriptConverter\TestProject1\InstalledFontCheckerTest.vb:line 47
</StackTrace>
        </ErrorInfo>
      </Output>
    </UnitTestResult>
  </Results>
</TestRun>