<?xml version="1.0" encoding="UTF-8"?>
<TestRun id="5b497126-d875-4598-b97d-e6d6dcf46873" name="PaulCain@PAULCAIN-LAPTOP 2011-04-02 22:09:51" runUser="PaulCain-LAPTOP\PaulCain" xmlns="http://microsoft.com/schemas/VisualStudio/TeamTest/2006">
  <TestRunConfiguration name="Local Test Run" id="eee8f7b1-74d7-4c3b-b079-322de6842498">
    <Description>This is a default test run configuration for a local test run.</Description>
    <Deployment runDeploymentRoot="C:\Users\PaulCain\Documents\Visual Studio 2008\Projects\BuddhistScriptConverter\TestResults\PaulCain_PAULCAIN-LAPTOP 2011-04-02 22_09_51">
      <DeploymentItem filename="C:\Users\PaulCain\Documents\Visual Studio 2008\Projects\BuddhistScriptConverter\BuddhistScriptConverter\bin\Debug\BuddhistScriptConverter.dll" />
      <DeploymentItem filename="C:\Users\PaulCain\Documents\Visual Studio 2008\Projects\BuddhistScriptConverter\MyInstaller\bin\Debug\MyInstaller.dll" />
    </Deployment>
    <TestTypeSpecific />
  </TestRunConfiguration>
  <ResultSummary outcome="Failed">
    <Counters total="1" executed="1" error="0" failed="1" timeout="0" aborted="0" inconclusive="0" passedButRunAborted="0" notRunnable="0" notExecuted="0" disconnected="0" warning="0" passed="0" completed="0" inProgress="0" pending="0" />
  </ResultSummary>
  <Times creation="2011-04-02T22:09:51.8942157+05:30" queuing="2011-04-02T22:09:57.2855240+05:30" start="2011-04-02T22:09:57.8255549+05:30" finish="2011-04-02T22:09:59.5166516+05:30" />
  <TestDefinitions>
    <UnitTest name="TestMethod1" storage="c:\users\paulcain\documents\visual studio 2008\projects\buddhistscriptconverter\testproject1\bin\debug\testproject1.dll" id="a8c76519-6748-9a5b-aaf6-7b33f5e5617d">
      <Css projectStructure="" iteration="" />
      <Owners>
        <Owner name="" />
      </Owners>
      <Execution id="fb8fee14-8e07-4945-a33e-1ff1f5d109d1" />
      <TestMethod codeBase="C:\Users\PaulCain\Documents\Visual Studio 2008\Projects\BuddhistScriptConverter\TestProject1\bin\Debug\TestProject1.dll" adapterTypeName="Microsoft.VisualStudio.TestTools.TestTypes.Unit.UnitTestAdapter, Microsoft.VisualStudio.QualityTools.Tips.UnitTest.Adapter, Version=9.0.0.0, Culture=neutral, PublicKeyToken=b03f5f7f11d50a3a" className="TestProject1.InstalledFontCheckerTest, TestProject1" name="TestMethod1" />
    </UnitTest>
  </TestDefinitions>
  <TestLists>
    <TestList name="Results Not in a List" id="8c84fa94-04c1-424b-9868-57a2d4851a1d" />
    <TestList name="All Loaded Results" id="19431567-8539-422a-85d7-44ee4e166bda" />
  </TestLists>
  <TestEntries>
    <TestEntry testId="a8c76519-6748-9a5b-aaf6-7b33f5e5617d" executionId="fb8fee14-8e07-4945-a33e-1ff1f5d109d1" testListId="8c84fa94-04c1-424b-9868-57a2d4851a1d" />
  </TestEntries>
  <Results>
    <UnitTestResult executionId="fb8fee14-8e07-4945-a33e-1ff1f5d109d1" testId="a8c76519-6748-9a5b-aaf6-7b33f5e5617d" testName="TestMethod1" computerName="PAULCAIN-LAPTOP" duration="00:00:00.1301540" startTime="2011-04-02T22:09:58.1165716+05:30" endTime="2011-04-02T22:09:59.4256464+05:30" testType="13cdc9d9-ddb5-4fa4-a97d-d965ccfc6d4b" outcome="Failed" testListId="8c84fa94-04c1-424b-9868-57a2d4851a1d">
      <Output>
        <ErrorInfo>
          <Message>Assert.AreEqual failed. Expected:&lt;True&gt;. Actual:&lt;False&gt;. </Message>
          <StackTrace>   at TestProject1.InstalledFontCheckerTest.TestMethod1() in C:\Users\PaulCain\Documents\Visual Studio 2008\Projects\BuddhistScriptConverter\TestProject1\InstalledFontCheckerTest.vb:line 46
</StackTrace>
        </ErrorInfo>
      </Output>
    </UnitTestResult>
  </Results>
</TestRun>