<?xml version="1.0" encoding="UTF-8"?>
<TestRun id="c93c2e98-9223-4931-98f2-bc048b3f58d5" name="PaulCain@PAULCAIN-LAPTOP 2011-04-03 18:45:35" runUser="PaulCain-LAPTOP\PaulCain" xmlns="http://microsoft.com/schemas/VisualStudio/TeamTest/2006">
  <TestRunConfiguration name="Local Test Run" id="eee8f7b1-74d7-4c3b-b079-322de6842498">
    <Description>This is a default test run configuration for a local test run.</Description>
    <Deployment runDeploymentRoot="C:\Users\PaulCain\Documents\Visual Studio 2008\Projects\BuddhistScriptConverter\TestResults\PaulCain_PAULCAIN-LAPTOP 2011-04-03 18_45_35">
      <DeploymentItem filename="C:\Users\PaulCain\Documents\Visual Studio 2008\Projects\BuddhistScriptConverter\BuddhistScriptConverter\bin\Debug\BuddhistScriptConverter.dll" />
      <DeploymentItem filename="C:\Users\PaulCain\Documents\Visual Studio 2008\Projects\BuddhistScriptConverter\MyInstaller\bin\Debug\MyInstaller.dll" />
    </Deployment>
    <TestTypeSpecific />
  </TestRunConfiguration>
  <ResultSummary outcome="Failed">
    <Counters total="1" executed="1" error="0" failed="1" timeout="0" aborted="0" inconclusive="0" passedButRunAborted="0" notRunnable="0" notExecuted="0" disconnected="0" warning="0" passed="0" completed="0" inProgress="0" pending="0" />
  </ResultSummary>
  <Times creation="2011-04-03T18:45:35.8054165+05:30" queuing="2011-04-03T18:45:36.7604532+05:30" start="2011-04-03T18:45:36.8024557+05:30" finish="2011-04-03T18:45:37.7715111+05:30" />
  <TestDefinitions>
    <UnitTest name="Instf" storage="c:\users\paulcain\documents\visual studio 2008\projects\buddhistscriptconverter\testproject1\bin\debug\testproject1.dll" id="152c89c4-1dbb-aab5-bd4a-38446048ba87">
      <Css projectStructure="" iteration="" />
      <Description>Confirm that empty string font names throw a NullReferenceException</Description>
      <Owners>
        <Owner name="InstallFont()" />
      </Owners>
      <Execution id="ad9f032d-b3b4-4326-80c7-aea9302f5256" />
      <TestMethod codeBase="C:\Users\PaulCain\Documents\Visual Studio 2008\Projects\BuddhistScriptConverter\TestProject1\bin\Debug\TestProject1.dll" adapterTypeName="Microsoft.VisualStudio.TestTools.TestTypes.Unit.UnitTestAdapter, Microsoft.VisualStudio.QualityTools.Tips.UnitTest.Adapter, Version=9.0.0.0, Culture=neutral, PublicKeyToken=b03f5f7f11d50a3a" className="TestProject1.MyFontInstallerTest, TestProject1" name="Instf" />
    </UnitTest>
  </TestDefinitions>
  <TestLists>
    <TestList name="Results Not in a List" id="8c84fa94-04c1-424b-9868-57a2d4851a1d" />
    <TestList name="All Loaded Results" id="19431567-8539-422a-85d7-44ee4e166bda" />
  </TestLists>
  <TestEntries>
    <TestEntry testId="152c89c4-1dbb-aab5-bd4a-38446048ba87" executionId="ad9f032d-b3b4-4326-80c7-aea9302f5256" testListId="8c84fa94-04c1-424b-9868-57a2d4851a1d" />
  </TestEntries>
  <Results>
    <UnitTestResult executionId="ad9f032d-b3b4-4326-80c7-aea9302f5256" testId="152c89c4-1dbb-aab5-bd4a-38446048ba87" testName="Instf" computerName="PAULCAIN-LAPTOP" duration="00:00:00.1409894" startTime="2011-04-03T18:45:36.8564587+05:30" endTime="2011-04-03T18:45:37.7515099+05:30" testType="13cdc9d9-ddb5-4fa4-a97d-d965ccfc6d4b" outcome="Failed" testListId="8c84fa94-04c1-424b-9868-57a2d4851a1d">
      <Output>
        <ErrorInfo>
          <Message>Test method TestProject1.MyFontInstallerTest.Instf threw exception System.Security.SecurityException, but exception System.NullReferenceException was expected. Exception message:  System.Security.SecurityException: Requested registry access is not allowed.
</Message>
          <StackTrace>    at System.ThrowHelper.ThrowSecurityException(ExceptionResource resource)
   at Microsoft.Win32.RegistryKey.OpenSubKey(String name, Boolean writable)
   at TestProject1.MyFontInstallerTest.Instf() in C:\Users\PaulCain\Documents\Visual Studio 2008\Projects\BuddhistScriptConverter\TestProject1\MyFontInstallerTest.vb:line 81
</StackTrace>
        </ErrorInfo>
      </Output>
    </UnitTestResult>
  </Results>
</TestRun>