<?xml version="1.0" encoding="UTF-8"?>
<TestRun id="2fc19c8d-7228-46e3-a265-8cf1a593b03a" name="PaulCain@PAULCAIN-LAPTOP 2011-04-03 19:09:19" runUser="PaulCain-LAPTOP\PaulCain" xmlns="http://microsoft.com/schemas/VisualStudio/TeamTest/2006">
  <TestRunConfiguration name="Local Test Run" id="eee8f7b1-74d7-4c3b-b079-322de6842498">
    <Description>This is a default test run configuration for a local test run.</Description>
    <Deployment runDeploymentRoot="C:\Users\PaulCain\Documents\Visual Studio 2008\Projects\BuddhistScriptConverter\TestResults\PaulCain_PAULCAIN-LAPTOP 2011-04-03 19_09_19">
      <DeploymentItem filename="C:\Users\PaulCain\Documents\Visual Studio 2008\Projects\BuddhistScriptConverter\BuddhistScriptConverter\bin\Debug\BuddhistScriptConverter.dll" />
      <DeploymentItem filename="C:\Users\PaulCain\Documents\Visual Studio 2008\Projects\BuddhistScriptConverter\MyInstaller\bin\Debug\MyInstaller.dll" />
    </Deployment>
    <TestTypeSpecific />
  </TestRunConfiguration>
  <ResultSummary outcome="Completed">
    <Counters total="5" executed="5" passed="5" error="0" failed="0" timeout="0" aborted="0" inconclusive="0" passedButRunAborted="0" notRunnable="0" notExecuted="0" disconnected="0" warning="0" completed="0" inProgress="0" pending="0" />
  </ResultSummary>
  <Times creation="2011-04-03T19:09:19.5923887+05:30" queuing="2011-04-03T19:09:20.6374485+05:30" start="2011-04-03T19:09:20.6784509+05:30" finish="2011-04-03T19:09:21.5914902+05:30" />
  <TestDefinitions>
    <UnitTest name="InstallFont_FontFileNotExists_ThrowsException" storage="c:\users\paulcain\documents\visual studio 2008\projects\buddhistscriptconverter\testproject1\bin\debug\testproject1.dll" id="b68d8513-0dc3-27f6-6626-fa46cd733180">
      <Css projectStructure="" iteration="" />
      <Description>Confirm that non-existent files throw a IO.FileNotFoundException</Description>
      <Owners>
        <Owner name="InstallFont()" />
      </Owners>
      <Execution id="4dd11e58-e6e4-42c9-b69c-3199e0778c1f" />
      <TestMethod codeBase="C:\Users\PaulCain\Documents\Visual Studio 2008\Projects\BuddhistScriptConverter\TestProject1\bin\Debug\TestProject1.dll" adapterTypeName="Microsoft.VisualStudio.TestTools.TestTypes.Unit.UnitTestAdapter, Microsoft.VisualStudio.QualityTools.Tips.UnitTest.Adapter, Version=9.0.0.0, Culture=neutral, PublicKeyToken=b03f5f7f11d50a3a" className="TestProject1.MyFontInstallerTest, TestProject1" name="InstallFont_FontFileNotExists_ThrowsException" />
    </UnitTest>
    <UnitTest name="InstallFont_InsufficientRegistryPermission_RollsbackFileCopy" storage="c:\users\paulcain\documents\visual studio 2008\projects\buddhistscriptconverter\testproject1\bin\debug\testproject1.dll" id="7b41d4ff-faac-0550-2e6d-c078cbba54da">
      <Css projectStructure="" iteration="" />
      <Description>Confirm that registry updates with administrator permission throw System.Security.SecurityException</Description>
      <Owners>
        <Owner name="InstallFont()" />
      </Owners>
      <Execution id="754a9291-8ef2-4cae-91f9-de8ce4af9191" />
      <TestMethod codeBase="C:\Users\PaulCain\Documents\Visual Studio 2008\Projects\BuddhistScriptConverter\TestProject1\bin\Debug\TestProject1.dll" adapterTypeName="Microsoft.VisualStudio.TestTools.TestTypes.Unit.UnitTestAdapter, Microsoft.VisualStudio.QualityTools.Tips.UnitTest.Adapter, Version=9.0.0.0, Culture=neutral, PublicKeyToken=b03f5f7f11d50a3a" className="TestProject1.MyFontInstallerTest, TestProject1" name="InstallFont_InsufficientRegistryPermission_RollsbackFileCopy" />
    </UnitTest>
    <UnitTest name="InstallFont_InsufficientRegistryPermission_ThrowsException" storage="c:\users\paulcain\documents\visual studio 2008\projects\buddhistscriptconverter\testproject1\bin\debug\testproject1.dll" id="28744ee0-eeac-2a2d-b01d-3e4b88257cb4">
      <Css projectStructure="" iteration="" />
      <Description>Confirm that registry updates with administrator permission throw System.Security.SecurityException</Description>
      <Owners>
        <Owner name="InstallFont()" />
      </Owners>
      <Execution id="3f336045-8040-44e7-bfd3-fbdcc53eafff" />
      <TestMethod codeBase="C:\Users\PaulCain\Documents\Visual Studio 2008\Projects\BuddhistScriptConverter\TestProject1\bin\Debug\TestProject1.dll" adapterTypeName="Microsoft.VisualStudio.TestTools.TestTypes.Unit.UnitTestAdapter, Microsoft.VisualStudio.QualityTools.Tips.UnitTest.Adapter, Version=9.0.0.0, Culture=neutral, PublicKeyToken=b03f5f7f11d50a3a" className="TestProject1.MyFontInstallerTest, TestProject1" name="InstallFont_InsufficientRegistryPermission_ThrowsException" />
    </UnitTest>
    <UnitTest name="InstallFont_NullFontName_ThrowsException" storage="c:\users\paulcain\documents\visual studio 2008\projects\buddhistscriptconverter\testproject1\bin\debug\testproject1.dll" id="2e1480c7-1c1c-2b37-8cde-75f76a58f9e5">
      <Css projectStructure="" iteration="" />
      <Description>Confirm that empty string font names throw a NullReferenceException</Description>
      <Owners>
        <Owner name="InstallFont()" />
      </Owners>
      <Execution id="c9ec6be6-656e-4690-9fb0-a6f6a272b7df" />
      <TestMethod codeBase="C:\Users\PaulCain\Documents\Visual Studio 2008\Projects\BuddhistScriptConverter\TestProject1\bin\Debug\TestProject1.dll" adapterTypeName="Microsoft.VisualStudio.TestTools.TestTypes.Unit.UnitTestAdapter, Microsoft.VisualStudio.QualityTools.Tips.UnitTest.Adapter, Version=9.0.0.0, Culture=neutral, PublicKeyToken=b03f5f7f11d50a3a" className="TestProject1.MyFontInstallerTest, TestProject1" name="InstallFont_NullFontName_ThrowsException" />
    </UnitTest>
    <UnitTest name="InstallFont_EmptyStringFontName_ThrowsException" storage="c:\users\paulcain\documents\visual studio 2008\projects\buddhistscriptconverter\testproject1\bin\debug\testproject1.dll" id="5b770f00-75e4-712b-245c-cdac772ee079">
      <Css projectStructure="" iteration="" />
      <Description>Confirm that empty string font names throw an ArgumentException</Description>
      <Owners>
        <Owner name="InstallFont()" />
      </Owners>
      <Execution id="d61688e2-94fc-4b10-b34a-fd3960b066e8" />
      <TestMethod codeBase="C:\Users\PaulCain\Documents\Visual Studio 2008\Projects\BuddhistScriptConverter\TestProject1\bin\Debug\TestProject1.dll" adapterTypeName="Microsoft.VisualStudio.TestTools.TestTypes.Unit.UnitTestAdapter, Microsoft.VisualStudio.QualityTools.Tips.UnitTest.Adapter, Version=9.0.0.0, Culture=neutral, PublicKeyToken=b03f5f7f11d50a3a" className="TestProject1.MyFontInstallerTest, TestProject1" name="InstallFont_EmptyStringFontName_ThrowsException" />
    </UnitTest>
  </TestDefinitions>
  <TestLists>
    <TestList name="Results Not in a List" id="8c84fa94-04c1-424b-9868-57a2d4851a1d" />
    <TestList name="All Loaded Results" id="19431567-8539-422a-85d7-44ee4e166bda" />
  </TestLists>
  <TestEntries>
    <TestEntry testId="28744ee0-eeac-2a2d-b01d-3e4b88257cb4" executionId="3f336045-8040-44e7-bfd3-fbdcc53eafff" testListId="8c84fa94-04c1-424b-9868-57a2d4851a1d" />
    <TestEntry testId="2e1480c7-1c1c-2b37-8cde-75f76a58f9e5" executionId="c9ec6be6-656e-4690-9fb0-a6f6a272b7df" testListId="8c84fa94-04c1-424b-9868-57a2d4851a1d" />
    <TestEntry testId="5b770f00-75e4-712b-245c-cdac772ee079" executionId="d61688e2-94fc-4b10-b34a-fd3960b066e8" testListId="8c84fa94-04c1-424b-9868-57a2d4851a1d" />
    <TestEntry testId="7b41d4ff-faac-0550-2e6d-c078cbba54da" executionId="754a9291-8ef2-4cae-91f9-de8ce4af9191" testListId="8c84fa94-04c1-424b-9868-57a2d4851a1d" />
    <TestEntry testId="b68d8513-0dc3-27f6-6626-fa46cd733180" executionId="4dd11e58-e6e4-42c9-b69c-3199e0778c1f" testListId="8c84fa94-04c1-424b-9868-57a2d4851a1d" />
  </TestEntries>
  <Results>
    <UnitTestResult executionId="3f336045-8040-44e7-bfd3-fbdcc53eafff" testId="28744ee0-eeac-2a2d-b01d-3e4b88257cb4" testName="InstallFont_InsufficientRegistryPermission_ThrowsException" computerName="PAULCAIN-LAPTOP" duration="00:00:00.0350109" startTime="2011-04-03T19:09:20.7244535+05:30" endTime="2011-04-03T19:09:21.4704833+05:30" testType="13cdc9d9-ddb5-4fa4-a97d-d965ccfc6d4b" outcome="Passed" testListId="8c84fa94-04c1-424b-9868-57a2d4851a1d">
      <Output>
      </Output>
    </UnitTestResult>
    <UnitTestResult executionId="c9ec6be6-656e-4690-9fb0-a6f6a272b7df" testId="2e1480c7-1c1c-2b37-8cde-75f76a58f9e5" testName="InstallFont_NullFontName_ThrowsException" computerName="PAULCAIN-LAPTOP" duration="00:00:00.0008848" startTime="2011-04-03T19:09:21.4754836+05:30" endTime="2011-04-03T19:09:21.4814840+05:30" testType="13cdc9d9-ddb5-4fa4-a97d-d965ccfc6d4b" outcome="Passed" testListId="8c84fa94-04c1-424b-9868-57a2d4851a1d">
      <Output>
      </Output>
    </UnitTestResult>
    <UnitTestResult executionId="d61688e2-94fc-4b10-b34a-fd3960b066e8" testId="5b770f00-75e4-712b-245c-cdac772ee079" testName="InstallFont_EmptyStringFontName_ThrowsException" computerName="PAULCAIN-LAPTOP" duration="00:00:00.0008171" startTime="2011-04-03T19:09:21.4854842+05:30" endTime="2011-04-03T19:09:21.4884844+05:30" testType="13cdc9d9-ddb5-4fa4-a97d-d965ccfc6d4b" outcome="Passed" testListId="8c84fa94-04c1-424b-9868-57a2d4851a1d">
      <Output>
      </Output>
    </UnitTestResult>
    <UnitTestResult executionId="754a9291-8ef2-4cae-91f9-de8ce4af9191" testId="7b41d4ff-faac-0550-2e6d-c078cbba54da" testName="InstallFont_InsufficientRegistryPermission_RollsbackFileCopy" computerName="PAULCAIN-LAPTOP" duration="00:00:00.0712844" startTime="2011-04-03T19:09:21.4904845+05:30" endTime="2011-04-03T19:09:21.5654888+05:30" testType="13cdc9d9-ddb5-4fa4-a97d-d965ccfc6d4b" outcome="Passed" testListId="8c84fa94-04c1-424b-9868-57a2d4851a1d">
      <Output>
      </Output>
    </UnitTestResult>
    <UnitTestResult executionId="4dd11e58-e6e4-42c9-b69c-3199e0778c1f" testId="b68d8513-0dc3-27f6-6626-fa46cd733180" testName="InstallFont_FontFileNotExists_ThrowsException" computerName="PAULCAIN-LAPTOP" duration="00:00:00.0018566" startTime="2011-04-03T19:09:21.5674889+05:30" endTime="2011-04-03T19:09:21.5724892+05:30" testType="13cdc9d9-ddb5-4fa4-a97d-d965ccfc6d4b" outcome="Passed" testListId="8c84fa94-04c1-424b-9868-57a2d4851a1d">
      <Output>
      </Output>
    </UnitTestResult>
  </Results>
</TestRun>