<?xml version="1.0" encoding="UTF-8"?>
<TestRun id="dd6de610-4fd6-44ce-b199-c69bb10d3121" name="PaulCain@PAULCAIN-LAPTOP 2011-04-03 19:08:45" runUser="PaulCain-LAPTOP\PaulCain" xmlns="http://microsoft.com/schemas/VisualStudio/TeamTest/2006">
  <TestRunConfiguration name="Local Test Run" id="eee8f7b1-74d7-4c3b-b079-322de6842498">
    <Description>This is a default test run configuration for a local test run.</Description>
    <Deployment runDeploymentRoot="C:\Users\PaulCain\Documents\Visual Studio 2008\Projects\BuddhistScriptConverter\TestResults\PaulCain_PAULCAIN-LAPTOP 2011-04-03 19_08_45">
      <DeploymentItem filename="C:\Users\PaulCain\Documents\Visual Studio 2008\Projects\BuddhistScriptConverter\BuddhistScriptConverter\bin\Debug\BuddhistScriptConverter.dll" />
      <DeploymentItem filename="C:\Users\PaulCain\Documents\Visual Studio 2008\Projects\BuddhistScriptConverter\MyInstaller\bin\Debug\MyInstaller.dll" />
    </Deployment>
    <TestTypeSpecific />
  </TestRunConfiguration>
  <ResultSummary outcome="Failed">
    <Counters total="1" executed="1" error="0" failed="1" timeout="0" aborted="0" inconclusive="0" passedButRunAborted="0" notRunnable="0" notExecuted="0" disconnected="0" warning="0" passed="0" completed="0" inProgress="0" pending="0" />
  </ResultSummary>
  <Times creation="2011-04-03T19:08:45.8366265+05:30" queuing="2011-04-03T19:08:46.9236781+05:30" start="2011-04-03T19:08:46.9956822+05:30" finish="2011-04-03T19:08:47.9487367+05:30" />
  <TestDefinitions>
    <UnitTest name="InstallFont_InsufficientRegistryPermission_RollsbackFileCopy" storage="c:\users\paulcain\documents\visual studio 2008\projects\buddhistscriptconverter\testproject1\bin\debug\testproject1.dll" id="7b41d4ff-faac-0550-2e6d-c078cbba54da">
      <Css projectStructure="" iteration="" />
      <Description>Confirm that registry updates with administrator permission throw System.Security.SecurityException</Description>
      <Owners>
        <Owner name="InstallFont()" />
      </Owners>
      <Execution id="be12608b-b88e-4315-8c8c-05c85912cbf7" />
      <TestMethod codeBase="C:\Users\PaulCain\Documents\Visual Studio 2008\Projects\BuddhistScriptConverter\TestProject1\bin\Debug\TestProject1.dll" adapterTypeName="Microsoft.VisualStudio.TestTools.TestTypes.Unit.UnitTestAdapter, Microsoft.VisualStudio.QualityTools.Tips.UnitTest.Adapter, Version=9.0.0.0, Culture=neutral, PublicKeyToken=b03f5f7f11d50a3a" className="TestProject1.MyFontInstallerTest, TestProject1" name="InstallFont_InsufficientRegistryPermission_RollsbackFileCopy" />
    </UnitTest>
  </TestDefinitions>
  <TestLists>
    <TestList name="Results Not in a List" id="8c84fa94-04c1-424b-9868-57a2d4851a1d" />
    <TestList name="All Loaded Results" id="19431567-8539-422a-85d7-44ee4e166bda" />
  </TestLists>
  <TestEntries>
    <TestEntry testId="7b41d4ff-faac-0550-2e6d-c078cbba54da" executionId="be12608b-b88e-4315-8c8c-05c85912cbf7" testListId="8c84fa94-04c1-424b-9868-57a2d4851a1d" />
  </TestEntries>
  <Results>
    <UnitTestResult executionId="be12608b-b88e-4315-8c8c-05c85912cbf7" testId="7b41d4ff-faac-0550-2e6d-c078cbba54da" testName="InstallFont_InsufficientRegistryPermission_RollsbackFileCopy" computerName="PAULCAIN-LAPTOP" duration="00:00:00.1685552" startTime="2011-04-03T19:08:47.0336844+05:30" endTime="2011-04-03T19:08:47.9137347+05:30" testType="13cdc9d9-ddb5-4fa4-a97d-d965ccfc6d4b" outcome="Failed" testListId="8c84fa94-04c1-424b-9868-57a2d4851a1d">
      <Output>
        <ErrorInfo>
          <Message>Assert.IsTrue failed. \Users\PaulCain\Documents\Visual Studio 2008\Projects\BuddhistScriptConverter\TestResults\PaulCain_PAULCAIN-LAPTOP 2011-04-03 19_08_45\Out/../../../TestProject1/PaliBrahmi.otf should not exist after rollback (but does)</Message>
          <StackTrace>   at TestProject1.MyFontInstallerTest.InstallFont_InsufficientRegistryPermission_RollsbackFileCopy() in C:\Users\PaulCain\Documents\Visual Studio 2008\Projects\BuddhistScriptConverter\TestProject1\MyFontInstallerTest.vb:line 93
</StackTrace>
        </ErrorInfo>
      </Output>
    </UnitTestResult>
  </Results>
</TestRun>