<?xml version="1.0" encoding="UTF-8"?>
<TestRun id="1fb0278e-a886-4ddb-be76-2df66061e5c2" name="PaulCain@PAULCAIN-LAPTOP 2011-04-02 23:10:31" runUser="PaulCain-LAPTOP\PaulCain" xmlns="http://microsoft.com/schemas/VisualStudio/TeamTest/2006">
  <TestRunConfiguration name="Local Test Run" id="eee8f7b1-74d7-4c3b-b079-322de6842498">
    <Description>This is a default test run configuration for a local test run.</Description>
    <Deployment runDeploymentRoot="C:\Users\PaulCain\Documents\Visual Studio 2008\Projects\BuddhistScriptConverter\TestResults\PaulCain_PAULCAIN-LAPTOP 2011-04-02 23_10_31">
      <DeploymentItem filename="C:\Users\PaulCain\Documents\Visual Studio 2008\Projects\BuddhistScriptConverter\BuddhistScriptConverter\bin\Debug\BuddhistScriptConverter.dll" />
      <DeploymentItem filename="C:\Users\PaulCain\Documents\Visual Studio 2008\Projects\BuddhistScriptConverter\MyInstaller\bin\Debug\MyInstaller.dll" />
    </Deployment>
    <TestTypeSpecific />
  </TestRunConfiguration>
  <ResultSummary outcome="Failed">
    <Counters total="1" executed="1" error="0" failed="1" timeout="0" aborted="0" inconclusive="0" passedButRunAborted="0" notRunnable="0" notExecuted="0" disconnected="0" warning="0" passed="0" completed="0" inProgress="0" pending="0" />
  </ResultSummary>
  <Times creation="2011-04-02T23:10:31.5313910+05:30" queuing="2011-04-02T23:10:34.0035324+05:30" start="2011-04-02T23:10:34.3895545+05:30" finish="2011-04-02T23:10:35.9476436+05:30" />
  <TestDefinitions>
    <UnitTest name="InstallFont_FontFileNotExists_ThrowsException" storage="c:\users\paulcain\documents\visual studio 2008\projects\buddhistscriptconverter\testproject1\bin\debug\testproject1.dll" id="b68d8513-0dc3-27f6-6626-fa46cd733180">
      <Css projectStructure="" iteration="" />
      <Owners>
        <Owner name="InstallFont()" />
      </Owners>
      <Execution id="0b877b83-8256-4b97-be75-a7fa0e907582" />
      <TestMethod codeBase="C:\Users\PaulCain\Documents\Visual Studio 2008\Projects\BuddhistScriptConverter\TestProject1\bin\Debug\TestProject1.dll" adapterTypeName="Microsoft.VisualStudio.TestTools.TestTypes.Unit.UnitTestAdapter, Microsoft.VisualStudio.QualityTools.Tips.UnitTest.Adapter, Version=9.0.0.0, Culture=neutral, PublicKeyToken=b03f5f7f11d50a3a" className="TestProject1.MyFontInstallerTest, TestProject1" name="InstallFont_FontFileNotExists_ThrowsException" />
    </UnitTest>
  </TestDefinitions>
  <TestLists>
    <TestList name="Results Not in a List" id="8c84fa94-04c1-424b-9868-57a2d4851a1d" />
    <TestList name="All Loaded Results" id="19431567-8539-422a-85d7-44ee4e166bda" />
  </TestLists>
  <TestEntries>
    <TestEntry testId="b68d8513-0dc3-27f6-6626-fa46cd733180" executionId="0b877b83-8256-4b97-be75-a7fa0e907582" testListId="8c84fa94-04c1-424b-9868-57a2d4851a1d" />
  </TestEntries>
  <Results>
    <UnitTestResult executionId="0b877b83-8256-4b97-be75-a7fa0e907582" testId="b68d8513-0dc3-27f6-6626-fa46cd733180" testName="InstallFont_FontFileNotExists_ThrowsException" computerName="PAULCAIN-LAPTOP" duration="00:00:00.1778440" startTime="2011-04-02T23:10:34.7175732+05:30" endTime="2011-04-02T23:10:35.7946348+05:30" testType="13cdc9d9-ddb5-4fa4-a97d-d965ccfc6d4b" outcome="Failed" testListId="8c84fa94-04c1-424b-9868-57a2d4851a1d">
      <Output>
        <ErrorInfo>
          <Message>Test method TestProject1.MyFontInstallerTest.InstallFont_FontFileNotExists_ThrowsException threw exception:  System.IO.FileNotFoundException: Could not find file 'C:\Users\PaulCain\Documents\Visual Studio 2008\Projects\BuddhistScriptConverter\TestResults\PaulCain_PAULCAIN-LAPTOP 2011-04-02 23_10_31\Out\FontThatDoesNotExist.ttf'..</Message>
          <StackTrace>    at System.IO.__Error.WinIOError(Int32 errorCode, String maybeFullPath)
   at System.IO.File.InternalCopy(String sourceFileName, String destFileName, Boolean overwrite)
   at System.IO.File.Copy(String sourceFileName, String destFileName)
   at MyInstaller.MyFontInstaller.InstallFont(String inFontName, String inFontPath) in C:\Users\PaulCain\Documents\Visual Studio 2008\Projects\BuddhistScriptConverter\MyInstaller\MyFontInstaller.vb:line 24
   at TestProject1.MyFontInstallerTest.InstallFont_FontFileNotExists_ThrowsException() in C:\Users\PaulCain\Documents\Visual Studio 2008\Projects\BuddhistScriptConverter\TestProject1\MyFontInstallerTest.vb:line 55
</StackTrace>
        </ErrorInfo>
      </Output>
    </UnitTestResult>
  </Results>
</TestRun>