<?xml version="1.0" encoding="UTF-8"?>
<TestRun id="933fa487-7d40-4fa9-8c7a-8badc323138c" name="PaulCain@PAULCAIN-LAPTOP 2011-04-04 00:27:59" runUser="PaulCain-LAPTOP\PaulCain" xmlns="http://microsoft.com/schemas/VisualStudio/TeamTest/2006">
  <TestRunConfiguration name="Local Test Run" id="eee8f7b1-74d7-4c3b-b079-322de6842498">
    <Description>This is a default test run configuration for a local test run.</Description>
    <Deployment runDeploymentRoot="C:\Users\PaulCain\Documents\Visual Studio 2008\Projects\BuddhistScriptConverter\TestResults\PaulCain_PAULCAIN-LAPTOP 2011-04-04 00_27_59">
      <DeploymentItem filename="C:\Users\PaulCain\Documents\Visual Studio 2008\Projects\BuddhistScriptConverter\BuddhistScriptConverter\bin\Debug\BuddhistScriptConverter.dll" />
      <DeploymentItem filename="C:\Users\PaulCain\Documents\Visual Studio 2008\Projects\BuddhistScriptConverter\MyInstaller\bin\Debug\MyInstaller.dll" />
    </Deployment>
    <TestTypeSpecific />
  </TestRunConfiguration>
  <ResultSummary outcome="Failed">
    <Counters total="1" executed="1" error="0" failed="1" timeout="0" aborted="0" inconclusive="0" passedButRunAborted="0" notRunnable="0" notExecuted="0" disconnected="0" warning="0" passed="0" completed="0" inProgress="0" pending="0" />
  </ResultSummary>
  <Times creation="2011-04-04T00:27:59.8969882+05:30" queuing="2011-04-04T00:28:06.4423296+05:30" start="2011-04-04T00:28:06.7933430+05:30" finish="2011-04-04T00:28:08.0054123+05:30" />
  <TestDefinitions>
    <UnitTest name="InstallFont_Fsefssts_ThrowsException" storage="c:\users\paulcain\documents\visual studio 2008\projects\buddhistscriptconverter\testproject1\bin\debug\testproject1.dll" id="24885459-5839-7026-10ec-359a2c3c9a38">
      <Css projectStructure="" iteration="" />
      <Description>Confirm that trying to copy a font that already exists in the windows font folder throws an </Description>
      <Owners>
        <Owner name="InstallFont()" />
      </Owners>
      <Execution id="1180212f-0967-4385-a44d-d3d99c4f7a28" />
      <TestMethod codeBase="C:\Users\PaulCain\Documents\Visual Studio 2008\Projects\BuddhistScriptConverter\TestProject1\bin\Debug\TestProject1.dll" adapterTypeName="Microsoft.VisualStudio.TestTools.TestTypes.Unit.UnitTestAdapter, Microsoft.VisualStudio.QualityTools.Tips.UnitTest.Adapter, Version=9.0.0.0, Culture=neutral, PublicKeyToken=b03f5f7f11d50a3a" className="TestProject1.MyFontInstallerTest, TestProject1" name="InstallFont_Fsefssts_ThrowsException" />
    </UnitTest>
  </TestDefinitions>
  <TestLists>
    <TestList name="Results Not in a List" id="8c84fa94-04c1-424b-9868-57a2d4851a1d" />
    <TestList name="All Loaded Results" id="19431567-8539-422a-85d7-44ee4e166bda" />
  </TestLists>
  <TestEntries>
    <TestEntry testId="24885459-5839-7026-10ec-359a2c3c9a38" executionId="1180212f-0967-4385-a44d-d3d99c4f7a28" testListId="8c84fa94-04c1-424b-9868-57a2d4851a1d" />
  </TestEntries>
  <Results>
    <UnitTestResult executionId="1180212f-0967-4385-a44d-d3d99c4f7a28" testId="24885459-5839-7026-10ec-359a2c3c9a38" testName="InstallFont_Fsefssts_ThrowsException" computerName="PAULCAIN-LAPTOP" duration="00:00:00.1236191" startTime="2011-04-04T00:28:06.9713532+05:30" endTime="2011-04-04T00:28:07.9494091+05:30" testType="13cdc9d9-ddb5-4fa4-a97d-d965ccfc6d4b" outcome="Failed" testListId="8c84fa94-04c1-424b-9868-57a2d4851a1d">
      <Output>
        <ErrorInfo>
          <Message>Test method TestProject1.MyFontInstallerTest.InstallFont_Fsefssts_ThrowsException threw exception System.IO.IOException, but exception System.IO.InternalBufferOverflowException was expected. Exception message:  System.IO.IOException: The file 'C:\Users\PaulCain\Documents\Visual Studio 2008\Projects\BuddhistScriptConverter\TestResults\PaulCain_PAULCAIN-LAPTOP 2011-04-04 00_27_59\Out/../../../TestProject1/PaliBrahmi.ttf' already exists.
</Message>
          <StackTrace>    at System.IO.__Error.WinIOError(Int32 errorCode, String maybeFullPath)
   at System.IO.File.InternalCopy(String sourceFileName, String destFileName, Boolean overwrite)
   at System.IO.File.Copy(String sourceFileName, String destFileName)
   at TestProject1.MyFontInstallerTest.InstallFont_Fsefssts_ThrowsException() in C:\Users\PaulCain\Documents\Visual Studio 2008\Projects\BuddhistScriptConverter\TestProject1\MyFontInstallerTest.vb:line 66
</StackTrace>
        </ErrorInfo>
      </Output>
    </UnitTestResult>
  </Results>
</TestRun>