<?xml version="1.0" encoding="UTF-8"?>
<TestRun id="2ce41c84-24df-4fbb-856d-ed8035046376" name="PaulCain@PAULCAIN-LAPTOP 2011-04-04 00:55:35" runUser="PaulCain-LAPTOP\PaulCain" xmlns="http://microsoft.com/schemas/VisualStudio/TeamTest/2006">
  <TestRunConfiguration name="Local Test Run" id="eee8f7b1-74d7-4c3b-b079-322de6842498">
    <Description>This is a default test run configuration for a local test run.</Description>
    <Deployment runDeploymentRoot="C:\Users\PaulCain\Documents\Visual Studio 2008\Projects\BuddhistScriptConverter\TestResults\PaulCain_PAULCAIN-LAPTOP 2011-04-04 00_55_35">
      <DeploymentItem filename="C:\Users\PaulCain\Documents\Visual Studio 2008\Projects\BuddhistScriptConverter\BuddhistScriptConverter\bin\Debug\BuddhistScriptConverter.dll" />
      <DeploymentItem filename="C:\Users\PaulCain\Documents\Visual Studio 2008\Projects\BuddhistScriptConverter\MyInstaller\bin\Debug\MyInstaller.dll" />
    </Deployment>
    <TestTypeSpecific />
  </TestRunConfiguration>
  <ResultSummary outcome="Completed">
    <Counters total="1" executed="1" passed="1" error="0" failed="0" timeout="0" aborted="0" inconclusive="0" passedButRunAborted="0" notRunnable="0" notExecuted="0" disconnected="0" warning="0" completed="0" inProgress="0" pending="0" />
  </ResultSummary>
  <Times creation="2011-04-04T00:55:35.1005844+05:30" queuing="2011-04-04T00:55:36.7846807+05:30" start="2011-04-04T00:55:37.1407010+05:30" finish="2011-04-04T00:55:38.2307634+05:30" />
  <TestDefinitions>
    <UnitTest name="IsFontInstalled_RegKeyExistsFileNotExists_ReturnFalse" storage="c:\users\paulcain\documents\visual studio 2008\projects\buddhistscriptconverter\testproject1\bin\debug\testproject1.dll" id="dbf8f56d-8d75-7f0f-2d1a-186f32ca2d5a">
      <Css projectStructure="" iteration="" />
      <Description>IsFontInstalled should return false when registry key exists but file does not</Description>
      <Owners>
        <Owner name="" />
      </Owners>
      <Execution id="24da9e33-3168-4da6-aab7-652d217e6640" />
      <TestMethod codeBase="C:\Users\PaulCain\Documents\Visual Studio 2008\Projects\BuddhistScriptConverter\TestProject1\bin\Debug\TestProject1.dll" adapterTypeName="Microsoft.VisualStudio.TestTools.TestTypes.Unit.UnitTestAdapter, Microsoft.VisualStudio.QualityTools.Tips.UnitTest.Adapter, Version=9.0.0.0, Culture=neutral, PublicKeyToken=b03f5f7f11d50a3a" className="TestProject1.InstalledFontCheckerTest, TestProject1" name="IsFontInstalled_RegKeyExistsFileNotExists_ReturnFalse" />
    </UnitTest>
  </TestDefinitions>
  <TestLists>
    <TestList name="Results Not in a List" id="8c84fa94-04c1-424b-9868-57a2d4851a1d" />
    <TestList name="All Loaded Results" id="19431567-8539-422a-85d7-44ee4e166bda" />
  </TestLists>
  <TestEntries>
    <TestEntry testId="dbf8f56d-8d75-7f0f-2d1a-186f32ca2d5a" executionId="24da9e33-3168-4da6-aab7-652d217e6640" testListId="8c84fa94-04c1-424b-9868-57a2d4851a1d" />
  </TestEntries>
  <Results>
    <UnitTestResult executionId="24da9e33-3168-4da6-aab7-652d217e6640" testId="dbf8f56d-8d75-7f0f-2d1a-186f32ca2d5a" testName="IsFontInstalled_RegKeyExistsFileNotExists_ReturnFalse" computerName="PAULCAIN-LAPTOP" duration="00:00:00.0489703" startTime="2011-04-04T00:55:37.3337121+05:30" endTime="2011-04-04T00:55:38.1557591+05:30" testType="13cdc9d9-ddb5-4fa4-a97d-d965ccfc6d4b" outcome="Passed" testListId="8c84fa94-04c1-424b-9868-57a2d4851a1d">
      <Output>
      </Output>
    </UnitTestResult>
  </Results>
</TestRun>